<?xml version="1.0" encoding="UTF-8"?>
<!-- Generated by org.testng.reporters.JUnitReportReporter -->
<testsuite skipped="0" hostname="RAJESH-PC" name="com.vtiger.tests.E2E" tests="1" failures="0" timestamp="29 Jun 2019 07:52:24 GMT" time="5.573" errors="0">
  <testcase name="createLead" time="5.573" classname="com.vtiger.tests.E2E"/>
</testsuite> <!-- com.vtiger.tests.E2E -->
