<?xml version="1.0" encoding="UTF-8"?>
<!-- Generated by org.testng.reporters.JUnitReportReporter -->
<testsuite skipped="0" hostname="RAJESH-PC" name="com.vtiger.tests.LoginTest" tests="4" failures="0" timestamp="29 Jun 2019 07:52:24 GMT" time="2.896" errors="0">
  <testcase name="validatevalidLogin" time="1.709" classname="com.vtiger.tests.LoginTest"/>
  <testcase name="validateLogo" time="0.065" classname="com.vtiger.tests.LoginTest"/>
  <testcase name="validateInvalidLogin" time="0.754" classname="com.vtiger.tests.LoginTest"/>
  <testcase name="validateTitle" time="0.368" classname="com.vtiger.tests.LoginTest"/>
</testsuite> <!-- com.vtiger.tests.LoginTest -->
